2025-05-16 - 17:42:07,813 - DSB_01 - CANALYZER - INFO - state - STATUS
2025-05-16 - 17:42:07,854 - DSB_01 - CARMAKER - INFO - state - STATUS
2025-05-16 - 17:42:07,879 - DSB_01 - CONTROLDESK - INFO - state - STATUS
2025-05-16 - 17:42:07,900 - DSB_01 - DIAGALYSER - INFO - state - STATUS
2025-05-16 - 17:42:07,917 - DSB_01 - SUPERVISOR - INFO - state - STARTING
2025-05-16 - 17:42:08,876 - DSB_01 - CARMAKER - INFO - state - OPEN
2025-05-16 - 17:42:08,889 - DSB_01 - CANALYZER - INFO - state - OPEN
2025-05-16 - 17:42:08,917 - DSB_01 - DIAGALYSER - INFO - state - OPEN
2025-05-16 - 17:42:08,930 - DSB_01 - CONTROLDESK - INFO - state - OPEN
2025-05-16 - 17:42:09,959 - DSB_01 - CARMAKER - INFO - state - CONFIGURE
2025-05-16 - 17:42:09,977 - DSB_01 - CANALYZER - INFO - state - CONFIGURE
2025-05-16 - 17:42:10,007 - DSB_01 - CONTROLDESK - INFO - state - CONFIGURE
2025-05-16 - 17:42:11,119 - DSB_01 - SUPERVISOR - INFO - state - STARTED
2025-05-16 - 17:42:11,154 - DSB_01 - CARMAKER - INFO - state - CONNECT
2025-05-16 - 17:42:11,191 - DSB_01 - CONTROLDESK - INFO - state - CONNECT
2025-05-16 - 17:42:11,212 - DSB_01 - SUPERVISOR - INFO - state - CONNECTING
2025-05-16 - 17:42:12,291 - DSB_01 - SUPERVISOR - INFO - state - CONNECTED
2025-05-16 - 17:42:12,307 - DSB_01 - CARMAKER - INFO - state - SET_BATT_OFF
2025-05-16 - 17:42:12,326 - DSB_01 - SUPERVISOR - INFO - state - CONNECTED
2025-05-16 - 17:42:12,345 - DSB_01 - SUPERVISOR - INFO - state - CONNECTED
2025-05-16 - 17:42:13,336 - DSB_01 - CARMAKER - INFO - state - SET_KEY_OFF
2025-05-16 - 17:42:14,379 - DSB_01 - CARMAKER - INFO - state - SET_KEY_IN
2025-05-16 - 17:42:15,425 - DSB_01 - CARMAKER - INFO - state - SET_KEY_IN
2025-05-16 - 17:42:15,447 - DSB_01 - CARMAKER - INFO - state - SET_KEY_RUNNING
2025-05-16 - 17:42:16,523 - DSB_01 - SUPERVISOR - INFO - state - READY
2025-05-16 - 17:42:17,846 - DSB_01 - CANALYZER - INFO - state - START_MEAS
2025-05-16 - 17:42:17,880 - DSB_01 - CARMAKER - INFO - state - LOAD_TESTRUN
2025-05-16 - 17:42:17,917 - DSB_01 - SUPERVISOR - INFO - state - SIMULATING
2025-05-16 - 17:42:18,905 - DSB_01 - CARMAKER - INFO - state - START_SIM
2025-05-16 - 17:42:18,960 - DSB_01 - SUPERVISOR - INFO - state - SIMULATING
2025-05-16 - 17:42:23,965 - DSB_01 - CANALYZER - INFO - state - STOP_MEAS
2025-05-16 - 17:42:24,023 - DSB_01 - CARMAKER - INFO - state - SET_KEY_IN
2025-05-16 - 17:42:24,051 - DSB_01 - SUPERVISOR - INFO - state - SIMULATED
2025-05-16 - 17:42:24,067 - DSB_01 - CARMAKER - INFO - state - SET_KEY_IN
2025-05-16 - 17:42:24,087 - DSB_01 - SUPERVISOR - INFO - state - SIMULATED
2025-05-16 - 17:42:24,097 - DSB_01 - CARMAKER - INFO - state - SET_KEY_IN
2025-05-16 - 17:42:25,064 - DSB_01 - CARMAKER - INFO - state - SET_KEY_IN
2025-05-16 - 17:42:25,090 - DSB_01 - CARMAKER - INFO - state - SET_KEY_OFF
2025-05-16 - 17:42:26,149 - DSB_01 - SUPERVISOR - INFO - state - SIMULATED
2025-05-16 - 17:42:26,164 - DSB_01 - CARMAKER - INFO - state - SET_BATT_OFF
2025-05-16 - 17:42:27,181 - DSB_01 - CARMAKER - INFO - state - SET_KEY_OFF
2025-05-16 - 17:42:28,234 - DSB_01 - CARMAKER - INFO - state - SET_KEY_IN
2025-05-16 - 17:42:29,282 - DSB_01 - CARMAKER - INFO - state - SET_KEY_IN
2025-05-16 - 17:42:29,304 - DSB_01 - CARMAKER - INFO - state - SET_KEY_RUNNING
2025-05-16 - 17:42:30,371 - DSB_01 - SUPERVISOR - INFO - state - READY
2025-05-16 - 17:42:31,813 - DSB_02 - CANALYZER - INFO - ERROR - STATUS
2025-05-16 - 17:42:31,854 - DSB_02 - CARMAKER - INFO - ERROR - STATUS
2025-05-16 - 17:42:31,879 - DSB_02 - CONTROLDESK - INFO - ERROR - STATUS
2025-05-16 - 17:42:31,900 - DSB_02 - DIAGALYSER - INFO - ERROR - STATUS
2025-05-16 - 17:42:31,917 - DSB_02 - SUPERVISOR - INFO - state - STARTING
2025-05-16 - 17:42:32,876 - DSB_02 - CARMAKER - INFO - state - OPEN
2025-05-16 - 17:42:32,889 - DSB_02 - CANALYZER - INFO - state - OPEN
2025-05-16 - 17:42:32,917 - DSB_02 - DIAGALYSER - INFO - state - OPEN
2025-05-16 - 17:42:32,930 - DSB_02 - CONTROLDESK - INFO - state - OPEN
2025-05-16 - 17:42:33,959 - DSB_02 - CARMAKER - INFO - WARNING - CONFIGURE
2025-05-16 - 17:42:33,977 - DSB_02 - CANALYZER - INFO - WARNING - CONFIGURE
2025-05-16 - 17:42:34,007 - DSB_02 - CONTROLDESK - INFO - WARNING - CONFIGURE
2025-05-16 - 17:42:35,119 - DSB_02 - SUPERVISOR - INFO - state - STARTED
2025-05-16 - 17:42:35,154 - DSB_02 - CARMAKER - INFO - state - CONNECT
2025-05-16 - 17:42:35,191 - DSB_02 - CONTROLDESK - INFO - state - CONNECT
2025-05-16 - 17:42:35,212 - DSB_02 - SUPERVISOR - INFO - state - CONNECTING
2025-05-16 - 17:42:36,291 - DSB_02 - SUPERVISOR - INFO - state - CONNECTED
2025-05-16 - 17:42:36,307 - DSB_02 - CARMAKER - INFO - state - SET_BATT_OFF
2025-05-16 - 17:42:36,326 - DSB_02 - SUPERVISOR - INFO - state - CONNECTED
2025-05-16 - 17:42:36,345 - DSB_02 - SUPERVISOR - INFO - state - CONNECTED
2025-05-16 - 17:42:37,336 - DSB_02 - CARMAKER - INFO - state - SET_KEY_OFF
2025-05-16 - 17:42:38,379 - DSB_02 - CARMAKER - INFO - state - SET_KEY_IN
2025-05-16 - 17:42:39,425 - DSB_02 - CARMAKER - INFO - state - SET_KEY_IN
2025-05-16 - 17:42:39,447 - DSB_02 - CARMAKER - INFO - state - SET_KEY_RUNNING
2025-05-16 - 17:42:40,523 - DSB_02 - SUPERVISOR - INFO - state - READY
2025-05-16 - 17:42:41,846 - DSB_02 - CANALYZER - INFO - state - START_MEAS
2025-05-16 - 17:42:41,880 - DSB_02 - CARMAKER - INFO - state - LOAD_TESTRUN
2025-05-16 - 17:42:41,917 - DSB_02 - SUPERVISOR - INFO - state - SIMULATING
2025-05-16 - 17:42:42,905 - DSB_02 - CARMAKER - INFO - state - START_SIM
2025-05-16 - 17:42:42,960 - DSB_02 - SUPERVISOR - INFO - state - SIMULATING
2025-05-16 - 17:42:47,965 - DSB_02 - CANALYZER - INFO - state - STOP_MEAS
2025-05-16 - 17:42:48,023 - DSB_02 - CARMAKER - INFO - state - SET_KEY_IN
2025-05-16 - 17:42:48,051 - DSB_02 - SUPERVISOR - INFO - state - SIMULATED
2025-05-16 - 17:42:48,067 - DSB_02 - CARMAKER - INFO - state - SET_KEY_IN
2025-05-16 - 17:42:48,087 - DSB_02 - SUPERVISOR - INFO - state - SIMULATED
2025-05-16 - 17:42:48,097 - DSB_02 - CARMAKER - INFO - state - SET_KEY_IN
2025-05-16 - 17:42:49,064 - DSB_02 - CARMAKER - INFO - state - SET_KEY_IN
2025-05-16 - 17:42:49,090 - DSB_02 - CARMAKER - INFO - state - SET_KEY_OFF
2025-05-16 - 17:42:50,149 - DSB_02 - SUPERVISOR - INFO - state - SIMULATED
2025-05-16 - 17:42:50,164 - DSB_02 - CARMAKER - INFO - state - SET_BATT_OFF
2025-05-16 - 17:42:51,181 - DSB_02 - CARMAKER - INFO - state - SET_KEY_OFF
2025-05-16 - 17:42:52,234 - DSB_02 - CARMAKER - INFO - state - SET_KEY_IN
2025-05-16 - 17:42:53,282 - DSB_02 - CARMAKER - INFO - state - SET_KEY_IN
2025-05-16 - 17:42:53,304 - DSB_02 - CARMAKER - INFO - state - SET_KEY_RUNNING
2025-05-16 - 17:42:54,371 - DSB_02 - SUPERVISOR - INFO - state - READY
2025-05-16 - 17:42:55,813 - DSB_03 - CANALYZER - INFO - ERROR - STATUS
2025-05-16 - 17:42:55,854 - DSB_03 - CARMAKER - INFO - ERROR - STATUS
2025-05-16 - 17:42:55,879 - DSB_03 - CONTROLDESK - INFO - ERROR - STATUS
2025-05-16 - 17:42:55,900 - DSB_03 - DIAGALYSER - INFO - ERROR - STATUS
2025-05-16 - 17:42:55,917 - DSB_03 - SUPERVISOR - INFO - state - STARTING
2025-05-16 - 17:42:56,876 - DSB_03 - CARMAKER - INFO - state - OPEN
2025-05-16 - 17:42:56,889 - DSB_03 - CANALYZER - INFO - state - OPEN
2025-05-16 - 17:42:56,917 - DSB_03 - DIAGALYSER - INFO - state - OPEN
2025-05-16 - 17:42:56,930 - DSB_03 - CONTROLDESK - INFO - state - OPEN
2025-05-16 - 17:42:57,959 - DSB_03 - CARMAKER - INFO - WARNING - CONFIGURE
2025-05-16 - 17:42:57,977 - DSB_03 - CANALYZER - INFO - WARNING - CONFIGURE
2025-05-16 - 17:42:58,007 - DSB_03 - CONTROLDESK - INFO - WARNING - CONFIGURE
2025-05-16 - 17:42:59,119 - DSB_03 - SUPERVISOR - INFO - state - STARTED
2025-05-16 - 17:42:59,154 - DSB_03 - CARMAKER - INFO - state - CONNECT
2025-05-16 - 17:42:59,191 - DSB_03 - CONTROLDESK - INFO - state - CONNECT
2025-05-16 - 17:42:59,212 - DSB_03 - SUPERVISOR - INFO - state - CONNECTING
2025-05-16 - 17:43:00,291 - DSB_03 - SUPERVISOR - INFO - state - CONNECTED
2025-05-16 - 17:43:00,307 - DSB_03 - CARMAKER - INFO - state - SET_BATT_OFF
2025-05-16 - 17:43:00,326 - DSB_03 - SUPERVISOR - INFO - state - CONNECTED
2025-05-16 - 17:43:00,345 - DSB_03 - SUPERVISOR - INFO - state - CONNECTED
2025-05-16 - 17:43:01,336 - DSB_03 - CARMAKER - INFO - state - SET_KEY_OFF
2025-05-16 - 17:43:02,379 - DSB_03 - CARMAKER - INFO - state - SET_KEY_IN
2025-05-16 - 17:43:03,425 - DSB_03 - CARMAKER - INFO - state - SET_KEY_IN
2025-05-16 - 17:43:03,447 - DSB_03 - CARMAKER - INFO - state - SET_KEY_RUNNING
2025-05-16 - 17:43:04,523 - DSB_03 - SUPERVISOR - INFO - state - READY
2025-05-16 - 17:43:05,846 - DSB_03 - CANALYZER - INFO - state - START_MEAS
2025-05-16 - 17:43:05,880 - DSB_03 - CARMAKER - INFO - state - LOAD_TESTRUN
2025-05-16 - 17:43:05,917 - DSB_03 - SUPERVISOR - INFO - state - SIMULATING
2025-05-16 - 17:43:06,905 - DSB_03 - CARMAKER - INFO - state - START_SIM
2025-05-16 - 17:43:06,960 - DSB_03 - SUPERVISOR - INFO - state - SIMULATING
2025-05-16 - 17:43:11,965 - DSB_03 - CANALYZER - INFO - state - STOP_MEAS
2025-05-16 - 17:43:12,023 - DSB_03 - CARMAKER - INFO - state - SET_KEY_IN
2025-05-16 - 17:43:12,051 - DSB_03 - SUPERVISOR - INFO - state - SIMULATED
2025-05-16 - 17:43:12,067 - DSB_03 - CARMAKER - INFO - state - SET_KEY_IN
2025-05-16 - 17:43:12,087 - DSB_03 - SUPERVISOR - INFO - state - SIMULATED
2025-05-16 - 17:43:12,097 - DSB_03 - CARMAKER - INFO - state - SET_KEY_IN
2025-05-16 - 17:43:13,064 - DSB_03 - CARMAKER - INFO - state - SET_KEY_IN
2025-05-16 - 17:43:13,090 - DSB_03 - CARMAKER - INFO - state - SET_KEY_OFF
2025-05-16 - 17:43:14,149 - DSB_03 - SUPERVISOR - INFO - state - SIMULATED
2025-05-16 - 17:43:14,164 - DSB_03 - CARMAKER - INFO - state - SET_BATT_OFF
2025-05-16 - 17:43:15,181 - DSB_03 - CARMAKER - INFO - state - SET_KEY_OFF
2025-05-16 - 17:43:16,234 - DSB_03 - CARMAKER - INFO - state - SET_KEY_IN
2025-05-16 - 17:43:17,282 - DSB_03 - CARMAKER - INFO - state - SET_KEY_IN
2025-05-16 - 17:43:17,304 - DSB_03 - CARMAKER - INFO - state - SET_KEY_RUNNING
2025-05-16 - 17:43:18,371 - DSB_03 - SUPERVISOR - INFO - state - READY
