2025-05-16 - 18:07:07,838 - DSB_03 - CANALYZER - ERROR - action - STATUS
2025-05-16 - 18:07:07,858 - DSB_03 - CARMAKER - ERROR - action - STATUS
2025-05-16 - 18:07:07,888 - DSB_03 - CONTROLDESK - ERROR - action - STATUS
2025-05-16 - 18:07:07,914 - DSB_03 - DIAGALYSER - ERROR - action - STATUS
2025-05-16 - 18:07:08,847 - DSB_03 - CANALYZER - INFO - action - CANALYZER_GET_STATUS_SUCCESS
2025-05-16 - 18:07:08,848 - DSB_03 - CARMAKER - INFO - action - CARMAKER_GET_STATUS_SUCCESS
2025-05-16 - 18:07:08,897 - DSB_03 - CONTROLDESK - INFO - action - CONTROLDESK_GET_STATUS_SUCCESS
2025-05-16 - 18:07:08,897 - DSB_03 - DIAGALYSER - INFO - action - DIAGALYSER_GET_STATUS_SUCCESS
2025-05-16 - 18:07:08,905 - DSB_03 - CARMAKER - INFO - action - OPEN
2025-05-16 - 18:07:08,907 - DSB_03 - CANALYZER - INFO - action - OPEN
2025-05-16 - 18:07:08,941 - DSB_03 - DIAGALYSER - INFO - action - OPEN
2025-05-16 - 18:07:08,944 - DSB_03 - CONTROLDESK - INFO - action - OPEN
2025-05-16 - 18:07:09,921 - DSB_03 - CARMAKER - INFO - action - CARMAKER_OPEN_SUCCESS
2025-05-16 - 18:07:09,922 - DSB_03 - CANALYZER - INFO - action - CANALYZER_OPEN_SUCCESS
2025-05-16 - 18:07:09,935 - DSB_03 - DIAGALYSER - INFO - action - DIAGALYSER_OPEN_SUCCESS
2025-05-16 - 18:07:09,935 - DSB_03 - CONTROLDESK - INFO - action - CONTROLDESK_OPEN_SUCCESS
2025-05-16 - 18:07:10,017 - DSB_03 - CARMAKER - INFO - action - CONFIGURE
2025-05-16 - 18:07:10,017 - DSB_03 - CANALYZER - WARNING - action - CONFIGURE
2025-05-16 - 18:07:10,017 - DSB_03 - CONTROLDESK - INFO - action - CONFIGURE
2025-05-16 - 18:07:11,035 - DSB_03 - CARMAKER - INFO - action - CARMAKER_CONFIGURE_SUCCESS
2025-05-16 - 18:07:11,035 - DSB_03 - CANALYZER - INFO - action - CANALYZER_CONFIGURE_SUCCESS
2025-05-16 - 18:07:11,035 - DSB_03 - CONTROLDESK - INFO - action - CONTROLDESK_CONFIGURE_SUCCESS
2025-05-16 - 18:07:11,167 - DSB_03 - CARMAKER - INFO - action - CONNECT
2025-05-16 - 18:07:11,203 - DSB_03 - CONTROLDESK - INFO - action - CONNECT
2025-05-16 - 18:07:12,193 - DSB_03 - CARMAKER - INFO - action - CARMAKER_CONNECT_SUCCESS
2025-05-16 - 18:07:12,193 - DSB_03 - CONTROLDESK - INFO - action - CONTROLDESK_CONNECT_SUCCESS
2025-05-16 - 18:07:12,307 - DSB_03 - CARMAKER - WARNING - action - SET_BATT_OFF
2025-05-16 - 18:07:13,308 - DSB_03 - CARMAKER - INFO - action - CARMAKER_BATT_OFF_SUCCESS
2025-05-16 - 18:07:13,345 - DSB_03 - CARMAKER - INFO - action - SET_KEY_OFF
2025-05-16 - 18:07:14,362 - DSB_03 - CARMAKER - INFO - action - CARMAKER_KEY_OFF_SUCCESS
2025-05-16 - 18:07:14,389 - DSB_03 - CARMAKER - INFO - action - SET_KEY_IN
2025-05-16 - 18:07:15,400 - DSB_03 - CARMAKER - INFO - action - CARMAKER_KEY_IN_SUCCESS
2025-05-16 - 18:07:15,430 - DSB_03 - CARMAKER - INFO - action - SET_KEY_IN
2025-05-16 - 18:07:15,461 - DSB_03 - CARMAKER - INFO - action - SET_KEY_RUNNING
2025-05-16 - 18:07:16,457 - DSB_03 - CARMAKER - INFO - action - CARMAKER_KEY_IN_SUCCESS
2025-05-16 - 18:07:16,457 - DSB_03 - CARMAKER - INFO - action - CARMAKER_KEY_RUNNING_SUCCESS
2025-05-16 - 18:07:17,856 - DSB_03 - CANALYZER - INFO - action - START_MEAS
2025-05-16 - 18:07:17,857 - DSB_03 - CANALYZER - INFO - action - CANALYZER_START_MEAS_SUCCESS
2025-05-16 - 18:07:17,899 - DSB_03 - CARMAKER - INFO - action - LOAD_TESTRUN
2025-05-16 - 18:07:18,888 - DSB_03 - CARMAKER - INFO - action - CARMAKER_LOAD_TESTRUN_SUCCESS
2025-05-16 - 18:07:18,913 - DSB_03 - CARMAKER - INFO - action - START_SIM
2025-05-16 - 18:07:18,913 - DSB_03 - CARMAKER - INFO - action - CARMAKER_START_SIM_SUCCESS
2025-05-16 - 18:07:23,939 - DSB_03 - CARMAKER - INFO - action - CARMAKER_END_SIM_SUCCESS
2025-05-16 - 18:07:23,972 - DSB_03 - CANALYZER - INFO - action - STOP_MEAS
2025-05-16 - 18:07:24,031 - DSB_03 - CARMAKER - INFO - action - SET_KEY_IN
2025-05-16 - 18:07:24,068 - DSB_03 - CARMAKER - WARNING - action - SET_KEY_IN
2025-05-16 - 18:07:24,103 - DSB_03 - CARMAKER - INFO - action - SET_KEY_IN
2025-05-16 - 18:07:24,973 - DSB_03 - CANALYZER - INFO - action - CANALYZER_STOP_MEAS_SUCCESS
2025-05-16 - 18:07:25,037 - DSB_03 - CARMAKER - INFO - action - CARMAKER_KEY_IN_SUCCESS
2025-05-16 - 18:07:25,071 - DSB_03 - CARMAKER - INFO - action - CARMAKER_KEY_IN_SUCCESS
2025-05-16 - 18:07:25,073 - DSB_03 - CARMAKER - INFO - action - SET_KEY_IN
2025-05-16 - 18:07:25,099 - DSB_03 - CARMAKER - INFO - action - CARMAKER_KEY_IN_SUCCESS
2025-05-16 - 18:07:25,101 - DSB_03 - CARMAKER - INFO - action - SET_KEY_OFF
2025-05-16 - 18:07:26,095 - DSB_03 - CARMAKER - INFO - action - CARMAKER_KEY_IN_SUCCESS
2025-05-16 - 18:07:26,095 - DSB_03 - CARMAKER - INFO - action - CARMAKER_KEY_OFF_SUCCESS
2025-05-16 - 18:07:26,167 - DSB_03 - CARMAKER - INFO - action - SET_BATT_OFF
2025-05-16 - 18:07:27,157 - DSB_03 - CARMAKER - INFO - action - CARMAKER_BATT_OFF_SUCCESS
2025-05-16 - 18:07:27,186 - DSB_03 - CARMAKER - INFO - action - SET_KEY_OFF
2025-05-16 - 18:07:28,214 - DSB_03 - CARMAKER - INFO - action - CARMAKER_KEY_OFF_SUCCESS
2025-05-16 - 18:07:28,245 - DSB_03 - CARMAKER - INFO - action - SET_KEY_IN
2025-05-16 - 18:07:29,258 - DSB_03 - CARMAKER - INFO - action - CARMAKER_KEY_IN_SUCCESS
2025-05-16 - 18:07:29,286 - DSB_03 - CARMAKER - INFO - action - SET_KEY_IN
2025-05-16 - 18:07:29,319 - DSB_03 - CARMAKER - INFO - action - SET_KEY_RUNNING
2025-05-16 - 18:07:30,295 - DSB_03 - CARMAKER - INFO - action - CARMAKER_KEY_IN_SUCCESS
2025-05-16 - 18:07:30,317 - DSB_03 - CARMAKER - INFO - action - CARMAKER_KEY_RUNNING_SUCCESS
