2025-05-16 - 17:42:07,838 - DSB_01 - CANALYZER - ERROR - action - STATUS
2025-05-16 - 17:42:07,858 - DSB_01 - CARMAKER - ERROR - action - STATUS
2025-05-16 - 17:42:07,888 - DSB_01 - CONTROLDESK - ERROR - action - STATUS
2025-05-16 - 17:42:07,914 - DSB_01 - DIAGALYSER - ERROR - action - STATUS
2025-05-16 - 17:42:08,847 - DSB_01 - CANALYZER - INFO - action - CANALYZER_GET_STATUS_SUCCESS
2025-05-16 - 17:42:08,848 - DSB_01 - CARMAKER - INFO - action - CARMAKER_GET_STATUS_SUCCESS
2025-05-16 - 17:42:08,897 - DSB_01 - CONTROLDESK - INFO - action - CONTROLDESK_GET_STATUS_SUCCESS
2025-05-16 - 17:42:08,897 - DSB_01 - DIAGALYSER - INFO - action - DIAGALYSER_GET_STATUS_SUCCESS
2025-05-16 - 17:42:08,905 - DSB_01 - CARMAKER - INFO - action - OPEN
2025-05-16 - 17:42:08,907 - DSB_01 - CANALYZER - INFO - action - OPEN
2025-05-16 - 17:42:08,941 - DSB_01 - DIAGALYSER - INFO - action - OPEN
2025-05-16 - 17:42:08,944 - DSB_01 - CONTROLDESK - INFO - action - OPEN
2025-05-16 - 17:42:09,921 - DSB_01 - CARMAKER - INFO - action - CARMAKER_OPEN_SUCCESS
2025-05-16 - 17:42:09,922 - DSB_01 - CANALYZER - INFO - action - CANALYZER_OPEN_SUCCESS
2025-05-16 - 17:42:09,935 - DSB_01 - DIAGALYSER - INFO - action - DIAGALYSER_OPEN_SUCCESS
2025-05-16 - 17:42:09,935 - DSB_01 - CONTROLDESK - INFO - action - CONTROLDESK_OPEN_SUCCESS
2025-05-16 - 17:42:10,017 - DSB_01 - CARMAKER - INFO - action - CONFIGURE
2025-05-16 - 17:42:10,017 - DSB_01 - CANALYZER - WARNING - action - CONFIGURE
2025-05-16 - 17:42:10,017 - DSB_01 - CONTROLDESK - INFO - action - CONFIGURE
2025-05-16 - 17:42:11,035 - DSB_01 - CARMAKER - INFO - action - CARMAKER_CONFIGURE_SUCCESS
2025-05-16 - 17:42:11,035 - DSB_01 - CANALYZER - INFO - action - CANALYZER_CONFIGURE_SUCCESS
2025-05-16 - 17:42:11,035 - DSB_01 - CONTROLDESK - INFO - action - CONTROLDESK_CONFIGURE_SUCCESS
2025-05-16 - 17:42:11,167 - DSB_01 - CARMAKER - INFO - action - CONNECT
2025-05-16 - 17:42:11,203 - DSB_01 - CONTROLDESK - INFO - action - CONNECT
2025-05-16 - 17:42:12,193 - DSB_01 - CARMAKER - INFO - action - CARMAKER_CONNECT_SUCCESS
2025-05-16 - 17:42:12,193 - DSB_01 - CONTROLDESK - INFO - action - CONTROLDESK_CONNECT_SUCCESS
2025-05-16 - 17:42:12,307 - DSB_01 - CARMAKER - WARNING - action - SET_BATT_OFF
2025-05-16 - 17:42:13,308 - DSB_01 - CARMAKER - INFO - action - CARMAKER_BATT_OFF_SUCCESS
2025-05-16 - 17:42:13,345 - DSB_01 - CARMAKER - INFO - action - SET_KEY_OFF
2025-05-16 - 17:42:14,362 - DSB_01 - CARMAKER - INFO - action - CARMAKER_KEY_OFF_SUCCESS
2025-05-16 - 17:42:14,389 - DSB_01 - CARMAKER - INFO - action - SET_KEY_IN
2025-05-16 - 17:42:15,400 - DSB_01 - CARMAKER - INFO - action - CARMAKER_KEY_IN_SUCCESS
2025-05-16 - 17:42:15,430 - DSB_01 - CARMAKER - INFO - action - SET_KEY_IN
2025-05-16 - 17:42:15,461 - DSB_01 - CARMAKER - INFO - action - SET_KEY_RUNNING
2025-05-16 - 17:42:16,457 - DSB_01 - CARMAKER - INFO - action - CARMAKER_KEY_IN_SUCCESS
2025-05-16 - 17:42:16,457 - DSB_01 - CARMAKER - INFO - action - CARMAKER_KEY_RUNNING_SUCCESS
2025-05-16 - 17:42:17,856 - DSB_01 - CANALYZER - INFO - action - START_MEAS
2025-05-16 - 17:42:17,857 - DSB_01 - CANALYZER - INFO - action - CANALYZER_START_MEAS_SUCCESS
2025-05-16 - 17:42:17,899 - DSB_01 - CARMAKER - INFO - action - LOAD_TESTRUN
2025-05-16 - 17:42:18,888 - DSB_01 - CARMAKER - INFO - action - CARMAKER_LOAD_TESTRUN_SUCCESS
2025-05-16 - 17:42:18,913 - DSB_01 - CARMAKER - INFO - action - START_SIM
2025-05-16 - 17:42:18,913 - DSB_01 - CARMAKER - INFO - action - CARMAKER_START_SIM_SUCCESS
2025-05-16 - 17:42:23,939 - DSB_01 - CARMAKER - INFO - action - CARMAKER_END_SIM_SUCCESS
2025-05-16 - 17:42:23,972 - DSB_01 - CANALYZER - INFO - action - STOP_MEAS
2025-05-16 - 17:42:24,031 - DSB_01 - CARMAKER - INFO - action - SET_KEY_IN
2025-05-16 - 17:42:24,068 - DSB_01 - CARMAKER - WARNING - action - SET_KEY_IN
2025-05-16 - 17:42:24,103 - DSB_01 - CARMAKER - INFO - action - SET_KEY_IN
2025-05-16 - 17:42:24,973 - DSB_01 - CANALYZER - INFO - action - CANALYZER_STOP_MEAS_SUCCESS
2025-05-16 - 17:42:25,037 - DSB_01 - CARMAKER - INFO - action - CARMAKER_KEY_IN_SUCCESS
2025-05-16 - 17:42:25,071 - DSB_01 - CARMAKER - INFO - action - CARMAKER_KEY_IN_SUCCESS
2025-05-16 - 17:42:25,073 - DSB_01 - CARMAKER - INFO - action - SET_KEY_IN
2025-05-16 - 17:42:25,099 - DSB_01 - CARMAKER - INFO - action - CARMAKER_KEY_IN_SUCCESS
2025-05-16 - 17:42:25,101 - DSB_01 - CARMAKER - INFO - action - SET_KEY_OFF
2025-05-16 - 17:42:26,095 - DSB_01 - CARMAKER - INFO - action - CARMAKER_KEY_IN_SUCCESS
2025-05-16 - 17:42:26,095 - DSB_01 - CARMAKER - INFO - action - CARMAKER_KEY_OFF_SUCCESS
2025-05-16 - 17:42:26,167 - DSB_01 - CARMAKER - INFO - action - SET_BATT_OFF
2025-05-16 - 17:42:27,157 - DSB_01 - CARMAKER - INFO - action - CARMAKER_BATT_OFF_SUCCESS
2025-05-16 - 17:42:27,186 - DSB_01 - CARMAKER - INFO - action - SET_KEY_OFF
2025-05-16 - 17:42:28,214 - DSB_01 - CARMAKER - INFO - action - CARMAKER_KEY_OFF_SUCCESS
2025-05-16 - 17:42:28,245 - DSB_01 - CARMAKER - INFO - action - SET_KEY_IN
2025-05-16 - 17:42:29,258 - DSB_01 - CARMAKER - INFO - action - CARMAKER_KEY_IN_SUCCESS
2025-05-16 - 17:42:29,286 - DSB_01 - CARMAKER - INFO - action - SET_KEY_IN
2025-05-16 - 17:42:29,319 - DSB_01 - CARMAKER - INFO - action - SET_KEY_RUNNING
2025-05-16 - 17:42:30,295 - DSB_01 - CARMAKER - INFO - action - CARMAKER_KEY_IN_SUCCESS
2025-05-16 - 17:42:30,317 - DSB_01 - CARMAKER - INFO - action - CARMAKER_KEY_RUNNING_SUCCESS
